<?xml version="1.0" encoding="UTF-8"?>
<testng-results skipped="0" failed="0" ignored="0" total="1" passed="1">
  <reporter-output>
  </reporter-output>
  <suite name="Suite" duration-ms="13433" started-at="2020-04-06T12:42:41Z" finished-at="2020-04-06T12:42:54Z">
    <groups>
      <group name="cucumber">
        <method signature="TestRunner.feature(cucumber.api.testng.CucumberFeatureWrapper)[pri:0, instance:com.Runner1.TestRunner@9f70c54]" name="feature" class="com.Runner1.TestRunner"/>
      </group> <!-- cucumber -->
    </groups>
    <test name="Test" duration-ms="13433" started-at="2020-04-06T12:42:41Z" finished-at="2020-04-06T12:42:54Z">
      <class name="com.Runner1.TestRunner">
        <test-method status="PASS" signature="setUpClass()[pri:0, instance:com.Runner1.TestRunner@9f70c54]" name="setUpClass" is-config="true" duration-ms="180" started-at="2020-04-06T12:42:41Z" finished-at="2020-04-06T12:42:41Z">
          <reporter-output>
          </reporter-output>
        </test-method> <!-- setUpClass -->
        <test-method status="PASS" signature="feature(cucumber.api.testng.CucumberFeatureWrapper)[pri:0, instance:com.Runner1.TestRunner@9f70c54]" name="feature" duration-ms="13167" started-at="2020-04-06T12:42:41Z" description="Runs Cucumber Feature" data-provider="features" finished-at="2020-04-06T12:42:54Z">
          <params>
            <param index="0">
              <value>
                <![CDATA[Key2Act Login Feature]]>
              </value>
            </param>
          </params>
          <reporter-output>
          </reporter-output>
        </test-method> <!-- feature -->
        <test-method status="PASS" signature="tearDownClass()[pri:0, instance:com.Runner1.TestRunner@9f70c54]" name="tearDownClass" is-config="true" duration-ms="23" started-at="2020-04-06T12:42:54Z" finished-at="2020-04-06T12:42:54Z">
          <reporter-output>
          </reporter-output>
        </test-method> <!-- tearDownClass -->
      </class> <!-- com.Runner1.TestRunner -->
    </test> <!-- Test -->
  </suite> <!-- Suite -->
</testng-results>
