<?xml version="1.0" encoding="UTF-8"?>
<testng-results skipped="0" failed="0" ignored="0" total="1" passed="1">
  <reporter-output>
  </reporter-output>
  <suite name="Default suite" duration-ms="13326" started-at="2020-02-24T14:20:44Z" finished-at="2020-02-24T14:20:57Z">
    <groups>
      <group name="cucumber">
        <method signature="TestRunner.feature(cucumber.api.testng.CucumberFeatureWrapper)[pri:0, instance:com.Runner1.TestRunner@14bf9759]" name="feature" class="com.Runner1.TestRunner"/>
      </group> <!-- cucumber -->
    </groups>
    <test name="Default test" duration-ms="13326" started-at="2020-02-24T14:20:44Z" finished-at="2020-02-24T14:20:57Z">
      <class name="com.Runner1.TestRunner">
        <test-method status="PASS" signature="setUpClass()[pri:0, instance:com.Runner1.TestRunner@14bf9759]" name="setUpClass" is-config="true" duration-ms="160" started-at="2020-02-24T14:20:44Z" finished-at="2020-02-24T14:20:44Z">
          <reporter-output>
          </reporter-output>
        </test-method> <!-- setUpClass -->
        <test-method status="PASS" signature="feature(cucumber.api.testng.CucumberFeatureWrapper)[pri:0, instance:com.Runner1.TestRunner@14bf9759]" name="feature" duration-ms="13001" started-at="2020-02-24T14:20:44Z" description="Runs Cucumber Feature" data-provider="features" finished-at="2020-02-24T14:20:57Z">
          <params>
            <param index="0">
              <value>
                <![CDATA[Key2Act Login Feature]]>
              </value>
            </param>
          </params>
          <reporter-output>
          </reporter-output>
        </test-method> <!-- feature -->
        <test-method status="PASS" signature="tearDownClass()[pri:0, instance:com.Runner1.TestRunner@14bf9759]" name="tearDownClass" is-config="true" duration-ms="87" started-at="2020-02-24T14:20:57Z" finished-at="2020-02-24T14:20:57Z">
          <reporter-output>
          </reporter-output>
        </test-method> <!-- tearDownClass -->
      </class> <!-- com.Runner1.TestRunner -->
    </test> <!-- Default test -->
  </suite> <!-- Default suite -->
</testng-results>
